<?xml version="1.0" encoding="UTF-8"?>
<testsuite name="BowlerTest" tests="2" skipped="0" failures="0" errors="0" timestamp="2022-04-11T10:40:38" hostname="ALC-C07XH0VZG1J2.local" time="0.03">
  <properties/>
  <testcase name="perfect game, should return 300()" classname="BowlerTest" time="0.023"/>
  <testcase name="example game, should return 188()" classname="BowlerTest" time="0.005"/>
  <system-out><![CDATA[1, 1: 10 [30]
2, 1: 10 [60]
3, 1: 10 [90]
4, 1: 10 [120]
5, 1: 10 [150]
6, 1: 10 [180]
7, 1: 10 [210]
8, 1: 10 [240]
9, 1: 10 [270]
10, 1: 10 [300]
1, 1: 10 [20]
2, 1: 3 [38]
2, 2: 7 [38]
3, 1: 8 [47]
3, 2: 1 [47]
4, 1: 10 [77]
5, 1: 10 [103]
6, 1: 10 [119]
7, 1: 6 [125]
7, 2: 0 [125]
8, 1: 10 [148]
9, 1: 10 [168]
10, 1: 3 [188]
10, 2: 7 [188]
]]></system-out>
  <system-err><![CDATA[]]></system-err>
</testsuite>
